2023-03-01 15:22:59
_PTHREADS is not defined ! -- /home/zt/program/ZWebServer/ZWebServer/Main.cpp:42
2023-03-01 16:04:31
_PTHREADS is not defined ! -- /home/zt/program/ZWebServer/ZWebServer/Main.cpp:42
2023-03-01 16:23:23
_PTHREADS is not defined ! -- /home/zt/program/ZWebServer/ZWebServer/Main.cpp:42
2023-03-01 16:28:24
_PTHREADS is not defined ! -- /home/zt/program/ZWebServer/ZWebServer/Main.cpp:42
2023-03-01 16:30:28
new connection from 127.0.0.1:34278 -- /home/zt/program/ZWebServer/ZWebServer/Server.cpp:45
2023-03-01 16:30:30
new connection from 127.0.0.1:34286 -- /home/zt/program/ZWebServer/ZWebServer/Server.cpp:45
2023-03-01 16:30:32
new connection from 127.0.0.1:41414 -- /home/zt/program/ZWebServer/ZWebServer/Server.cpp:45
2023-03-01 16:31:09
new connection from 127.0.0.1:46220 -- /home/zt/program/ZWebServer/ZWebServer/Server.cpp:45
2023-03-01 16:31:11
new connection from 127.0.0.1:46230 -- /home/zt/program/ZWebServer/ZWebServer/Server.cpp:45
2023-03-01 16:31:13
new connection from 127.0.0.1:60688 -- /home/zt/program/ZWebServer/ZWebServer/Server.cpp:45
2023-03-01 17:10:13
_PTHREADS is not defined ! -- /home/zt/program/ZWebServer/ZWebServer/Main.cpp:42
2023-03-01 17:10:26
new connection from 127.0.0.1:41670 -- /home/zt/program/ZWebServer/ZWebServer/Server.cpp:45
2023-03-01 17:10:28
new connection from 127.0.0.1:41680 -- /home/zt/program/ZWebServer/ZWebServer/Server.cpp:45
2023-03-01 17:10:30
new connection from 127.0.0.1:41690 -- /home/zt/program/ZWebServer/ZWebServer/Server.cpp:45
2023-03-01 17:21:04
_PTHREADS is not defined ! -- /home/zt/program/ZWebServer/ZWebServer/Main.cpp:42
2023-03-01 17:21:07
new connection from 127.0.0.1:38138 -- /home/zt/program/ZWebServer/ZWebServer/Server.cpp:45
2023-03-01 17:21:09
new connection from 127.0.0.1:38140 -- /home/zt/program/ZWebServer/ZWebServer/Server.cpp:45
2023-03-01 17:21:11
new connection from 127.0.0.1:38142 -- /home/zt/program/ZWebServer/ZWebServer/Server.cpp:45
2023-03-01 17:39:10
_PTHREADS is not defined ! -- /home/zt/program/ZWebServer/ZWebServer/Main.cpp:42
2023-03-01 17:39:14
new connection from 127.0.0.1:52038 -- /home/zt/program/ZWebServer/ZWebServer/Server.cpp:45
2023-03-01 17:39:16
new connection from 127.0.0.1:52040 -- /home/zt/program/ZWebServer/ZWebServer/Server.cpp:45
2023-03-01 17:39:18
new connection from 127.0.0.1:52050 -- /home/zt/program/ZWebServer/ZWebServer/Server.cpp:45
2023-03-01 17:39:37
new connection from 127.0.0.1:46890 -- /home/zt/program/ZWebServer/ZWebServer/Server.cpp:45
2023-03-01 17:54:54
_PTHREADS is not defined ! -- /home/zt/program/ZWebServer/ZWebServer/Main.cpp:42
2023-03-01 17:54:58
new connection from 127.0.0.1:45706 -- /home/zt/program/ZWebServer/ZWebServer/Server.cpp:45
2023-03-01 17:55:00
new connection from 127.0.0.1:45714 -- /home/zt/program/ZWebServer/ZWebServer/Server.cpp:45
2023-03-01 17:55:02
new connection from 127.0.0.1:45720 -- /home/zt/program/ZWebServer/ZWebServer/Server.cpp:45
2023-03-01 17:55:19
new connection from 127.0.0.1:36944 -- /home/zt/program/ZWebServer/ZWebServer/Server.cpp:45
2023-03-01 17:55:21
new connection from 127.0.0.1:36960 -- /home/zt/program/ZWebServer/ZWebServer/Server.cpp:45
2023-03-01 17:55:23
new connection from 127.0.0.1:43250 -- /home/zt/program/ZWebServer/ZWebServer/Server.cpp:45
2023-03-01 18:05:08
_PTHREADS is not defined ! -- /home/zt/program/ZWebServer/ZWebServer/Main.cpp:42
2023-03-01 18:05:08
dawdawd -- /home/zt/program/ZWebServer/ZWebServer/Server.cpp:35
2023-03-01 18:05:10
new connection from 127.0.0.1:55862 -- /home/zt/program/ZWebServer/ZWebServer/Server.cpp:46
2023-03-01 18:05:12
new connection from 127.0.0.1:51980 -- /home/zt/program/ZWebServer/ZWebServer/Server.cpp:46
2023-03-01 18:05:14
new connection from 127.0.0.1:51986 -- /home/zt/program/ZWebServer/ZWebServer/Server.cpp:46
2023-03-01 18:09:57
_PTHREADS is not defined ! -- /home/zt/program/ZWebServer/ZWebServer/Main.cpp:42
2023-03-01 18:10:00
new connection from 127.0.0.1:36954 -- /home/zt/program/ZWebServer/ZWebServer/Server.cpp:45
2023-03-01 18:10:02
new connection from 127.0.0.1:38040 -- /home/zt/program/ZWebServer/ZWebServer/Server.cpp:45
2023-03-01 20:22:53
_PTHREADS is not defined ! -- /home/zt/program/ZWebServer/ZWebServer/Main.cpp:42
2023-03-01 20:22:58
new connection from 127.0.0.1:53352 -- /home/zt/program/ZWebServer/ZWebServer/Server.cpp:45
2023-03-01 20:23:00
new connection from 127.0.0.1:53364 -- /home/zt/program/ZWebServer/ZWebServer/Server.cpp:45
2023-03-01 20:38:45
_PTHREADS is not defined ! -- /home/zt/program/ZWebServer/ZWebServer/Main.cpp:42
2023-03-01 20:38:49
new connection from 127.0.0.1:48156 -- /home/zt/program/ZWebServer/ZWebServer/Server.cpp:45
2023-03-01 20:38:51
new connection from 127.0.0.1:48166 -- /home/zt/program/ZWebServer/ZWebServer/Server.cpp:45
2023-03-01 20:38:53
new connection from 127.0.0.1:59542 -- /home/zt/program/ZWebServer/ZWebServer/Server.cpp:45
2023-03-01 20:40:43
_PTHREADS is not defined ! -- /home/zt/program/ZWebServer/ZWebServer/Main.cpp:42
2023-03-01 21:26:15
_PTHREADS is not defined ! -- /home/zt/program/ZWebServer/ZWebServer/Main.cpp:42
2023-03-01 21:26:18
new connection from 127.0.0.1:40120 -- /home/zt/program/ZWebServer/ZWebServer/Server.cpp:45
2023-03-01 21:26:20
new connection from 127.0.0.1:40124 -- /home/zt/program/ZWebServer/ZWebServer/Server.cpp:45
2023-03-01 21:26:22
new connection from 127.0.0.1:38920 -- /home/zt/program/ZWebServer/ZWebServer/Server.cpp:45
2023-03-01 21:27:39
_PTHREADS is not defined ! -- /home/zt/program/ZWebServer/ZWebServer/Main.cpp:42
2023-03-01 21:28:07
new connection from 127.0.0.1:57494 -- /home/zt/program/ZWebServer/ZWebServer/Server.cpp:45
2023-03-01 21:28:09
new connection from 127.0.0.1:57502 -- /home/zt/program/ZWebServer/ZWebServer/Server.cpp:45
2023-03-01 21:28:11
new connection from 127.0.0.1:57508 -- /home/zt/program/ZWebServer/ZWebServer/Server.cpp:45
2023-03-01 21:40:08
_PTHREADS is not defined ! -- /home/zt/program/ZWebServer/ZWebServer/Main.cpp:42
2023-03-01 21:40:12
new connection from 127.0.0.1:48294 -- /home/zt/program/ZWebServer/ZWebServer/Server.cpp:45
2023-03-01 21:40:14
new connection from 127.0.0.1:48306 -- /home/zt/program/ZWebServer/ZWebServer/Server.cpp:45
2023-03-01 21:40:35
new connection from 127.0.0.1:39142 -- /home/zt/program/ZWebServer/ZWebServer/Server.cpp:45
2023-03-01 21:40:41
new connection from 127.0.0.1:39156 -- /home/zt/program/ZWebServer/ZWebServer/Server.cpp:45
2023-03-01 21:58:10
_PTHREADS is not defined ! -- /home/zt/program/ZWebServer/ZWebServer/Main.cpp:42
2023-03-01 21:58:27
new connection from 127.0.0.1:44944 -- /home/zt/program/ZWebServer/ZWebServer/Server.cpp:45
2023-03-01 21:58:29
new connection from 127.0.0.1:44952 -- /home/zt/program/ZWebServer/ZWebServer/Server.cpp:45
2023-03-01 21:58:31
new connection from 127.0.0.1:44956 -- /home/zt/program/ZWebServer/ZWebServer/Server.cpp:45
2023-03-01 21:59:06
new connection from 127.0.0.1:54872 -- /home/zt/program/ZWebServer/ZWebServer/Server.cpp:45
2023-03-01 21:59:08
new connection from 127.0.0.1:54880 -- /home/zt/program/ZWebServer/ZWebServer/Server.cpp:45
2023-03-01 21:59:10
new connection from 127.0.0.1:54896 -- /home/zt/program/ZWebServer/ZWebServer/Server.cpp:45
2023-03-01 22:25:11
_PTHREADS is not defined ! -- /home/zt/program/ZWebServer/ZWebServer/Main.cpp:42
2023-03-01 22:25:11
enter Epoll::poll()
 -- /home/zt/program/ZWebServer/ZWebServer/Epoll.cpp:78
2023-03-01 22:25:11
enter Epoll::poll()
 -- /home/zt/program/ZWebServer/ZWebServer/Epoll.cpp:78
2023-03-01 22:25:11
enter Epoll::poll()
 -- /home/zt/program/ZWebServer/ZWebServer/Epoll.cpp:78
2023-03-01 22:25:11
enter Epoll::poll()
 -- /home/zt/program/ZWebServer/ZWebServer/Epoll.cpp:78
2023-03-01 22:25:11
enter Epoll::poll()
 -- /home/zt/program/ZWebServer/ZWebServer/Epoll.cpp:78
2023-03-01 22:25:18
new connection from 127.0.0.1:54188 -- /home/zt/program/ZWebServer/ZWebServer/Server.cpp:45
2023-03-01 22:25:18
enter Epoll::poll()
 -- /home/zt/program/ZWebServer/ZWebServer/Epoll.cpp:78
2023-03-01 22:25:18
enter Epoll::poll()
 -- /home/zt/program/ZWebServer/ZWebServer/Epoll.cpp:78
2023-03-01 22:25:20
new connection from 127.0.0.1:54196 -- /home/zt/program/ZWebServer/ZWebServer/Server.cpp:45
2023-03-01 22:25:20
enter Epoll::poll()
 -- /home/zt/program/ZWebServer/ZWebServer/Epoll.cpp:78
2023-03-01 22:25:20
enter Epoll::poll()
 -- /home/zt/program/ZWebServer/ZWebServer/Epoll.cpp:78
2023-03-01 22:28:18
_PTHREADS is not defined ! -- /home/zt/program/ZWebServer/ZWebServer/Main.cpp:42
2023-03-01 22:28:18
enter Epoll::poll()
 -- /home/zt/program/ZWebServer/ZWebServer/Epoll.cpp:78
2023-03-01 22:28:18
enter Epoll::poll()
 -- /home/zt/program/ZWebServer/ZWebServer/Epoll.cpp:78
2023-03-01 22:28:18
enter Epoll::poll()
 -- /home/zt/program/ZWebServer/ZWebServer/Epoll.cpp:78
2023-03-01 22:28:18
enter Epoll::poll()
 -- /home/zt/program/ZWebServer/ZWebServer/Epoll.cpp:78
2023-03-01 22:28:18
enter Epoll::poll()
 -- /home/zt/program/ZWebServer/ZWebServer/Epoll.cpp:78
2023-03-01 22:28:21
new connection from 127.0.0.1:53166 -- /home/zt/program/ZWebServer/ZWebServer/Server.cpp:45
2023-03-01 22:28:21
Writen1________________
 -- /home/zt/program/ZWebServer/ZWebServer/Util.cpp:100
2023-03-01 22:28:21
enter Epoll::poll()
 -- /home/zt/program/ZWebServer/ZWebServer/Epoll.cpp:78
2023-03-01 22:28:21
Readn1________________
 -- /home/zt/program/ZWebServer/ZWebServer/Util.cpp:17
2023-03-01 22:28:21
enter Epoll::poll()
 -- /home/zt/program/ZWebServer/ZWebServer/Epoll.cpp:78
2023-03-01 22:28:23
new connection from 127.0.0.1:58922 -- /home/zt/program/ZWebServer/ZWebServer/Server.cpp:45
2023-03-01 22:28:23
Writen1________________
 -- /home/zt/program/ZWebServer/ZWebServer/Util.cpp:100
2023-03-01 22:28:23
Readn1________________
 -- /home/zt/program/ZWebServer/ZWebServer/Util.cpp:17
2023-03-01 22:28:23
enter Epoll::poll()
 -- /home/zt/program/ZWebServer/ZWebServer/Epoll.cpp:78
2023-03-01 22:28:23
enter Epoll::poll()
 -- /home/zt/program/ZWebServer/ZWebServer/Epoll.cpp:78
2023-03-01 22:28:25
new connection from 127.0.0.1:58926 -- /home/zt/program/ZWebServer/ZWebServer/Server.cpp:45
2023-03-01 22:28:25
Writen1________________
 -- /home/zt/program/ZWebServer/ZWebServer/Util.cpp:100
2023-03-01 22:28:25
enter Epoll::poll()
 -- /home/zt/program/ZWebServer/ZWebServer/Epoll.cpp:78
2023-03-01 22:28:25
Readn1________________
 -- /home/zt/program/ZWebServer/ZWebServer/Util.cpp:17
2023-03-01 22:28:25
enter Epoll::poll()
 -- /home/zt/program/ZWebServer/ZWebServer/Epoll.cpp:78
2023-03-01 22:28:44
new connection from 127.0.0.1:48896 -- /home/zt/program/ZWebServer/ZWebServer/Server.cpp:45
2023-03-01 22:28:44
Writen1________________
 -- /home/zt/program/ZWebServer/ZWebServer/Util.cpp:100
2023-03-01 22:28:44
enter Epoll::poll()
 -- /home/zt/program/ZWebServer/ZWebServer/Epoll.cpp:78
2023-03-01 22:28:44
Readn1________________
 -- /home/zt/program/ZWebServer/ZWebServer/Util.cpp:17
2023-03-01 22:28:44
enter Epoll::poll()
 -- /home/zt/program/ZWebServer/ZWebServer/Epoll.cpp:78
2023-03-01 22:28:46
new connection from 127.0.0.1:48900 -- /home/zt/program/ZWebServer/ZWebServer/Server.cpp:45
2023-03-01 22:28:46
Writen1________________
 -- /home/zt/program/ZWebServer/ZWebServer/Util.cpp:100
2023-03-01 22:28:46
enter Epoll::poll()
 -- /home/zt/program/ZWebServer/ZWebServer/Epoll.cpp:78
2023-03-01 22:28:46
Readn1________________
 -- /home/zt/program/ZWebServer/ZWebServer/Util.cpp:17
2023-03-01 22:28:46
enter Epoll::poll()
 -- /home/zt/program/ZWebServer/ZWebServer/Epoll.cpp:78
2023-03-01 22:28:48
new connection from 127.0.0.1:48914 -- /home/zt/program/ZWebServer/ZWebServer/Server.cpp:45
2023-03-01 22:28:48
Writen1________________
 -- /home/zt/program/ZWebServer/ZWebServer/Util.cpp:100
2023-03-01 22:28:48
enter Epoll::poll()
 -- /home/zt/program/ZWebServer/ZWebServer/Epoll.cpp:78
2023-03-01 22:28:48
Readn1________________
 -- /home/zt/program/ZWebServer/ZWebServer/Util.cpp:17
2023-03-01 22:28:48
enter Epoll::poll()
 -- /home/zt/program/ZWebServer/ZWebServer/Epoll.cpp:78
2023-03-01 22:46:41
_PTHREADS is not defined ! -- /home/zt/program/ZWebServer/ZWebServer/Main.cpp:42
2023-03-01 22:46:41
enter Epoll::poll()
 -- /home/zt/program/ZWebServer/ZWebServer/Epoll.cpp:78
2023-03-01 22:46:41
enter Epoll::poll()
 -- /home/zt/program/ZWebServer/ZWebServer/Epoll.cpp:78
2023-03-01 22:46:41
enter Epoll::poll()
 -- /home/zt/program/ZWebServer/ZWebServer/Epoll.cpp:78
2023-03-01 22:46:41
enter Epoll::poll()
 -- /home/zt/program/ZWebServer/ZWebServer/Epoll.cpp:78
2023-03-01 22:46:41
enter Epoll::poll()
 -- /home/zt/program/ZWebServer/ZWebServer/Epoll.cpp:78
2023-03-01 22:48:08
_PTHREADS is not defined ! -- /home/zt/program/ZWebServer/ZWebServer/Main.cpp:42
2023-03-01 22:48:08
enter Epoll::poll()
 -- /home/zt/program/ZWebServer/ZWebServer/Epoll.cpp:78
2023-03-01 22:48:08
enter Epoll::poll()
 -- /home/zt/program/ZWebServer/ZWebServer/Epoll.cpp:78
2023-03-01 22:48:08
enter Epoll::poll()
 -- /home/zt/program/ZWebServer/ZWebServer/Epoll.cpp:78
2023-03-01 22:48:08
enter Epoll::poll()
 -- /home/zt/program/ZWebServer/ZWebServer/Epoll.cpp:78
2023-03-01 22:48:08
enter Epoll::poll()
 -- /home/zt/program/ZWebServer/ZWebServer/Epoll.cpp:78
2023-03-01 22:48:19
new connection from 127.0.0.1:47082 -- /home/zt/program/ZWebServer/ZWebServer/Server.cpp:45
2023-03-01 22:48:19
Writen1________________
 -- /home/zt/program/ZWebServer/ZWebServer/Util.cpp:100
2023-03-01 22:48:19
enter Epoll::poll()
 -- /home/zt/program/ZWebServer/ZWebServer/Epoll.cpp:78
2023-03-01 22:48:19
Readn1________________
 -- /home/zt/program/ZWebServer/ZWebServer/Util.cpp:17
2023-03-01 22:48:19
enter Epoll::poll()
 -- /home/zt/program/ZWebServer/ZWebServer/Epoll.cpp:78
2023-03-01 22:48:21
new connection from 127.0.0.1:47098 -- /home/zt/program/ZWebServer/ZWebServer/Server.cpp:45
2023-03-01 22:48:21
Writen1________________
 -- /home/zt/program/ZWebServer/ZWebServer/Util.cpp:100
2023-03-01 22:48:21
enter Epoll::poll()
 -- /home/zt/program/ZWebServer/ZWebServer/Epoll.cpp:78
2023-03-01 22:48:21
Readn1________________
 -- /home/zt/program/ZWebServer/ZWebServer/Util.cpp:17
2023-03-01 22:48:21
enter Epoll::poll()
 -- /home/zt/program/ZWebServer/ZWebServer/Epoll.cpp:78
2023-03-01 22:48:23
new connection from 127.0.0.1:44090 -- /home/zt/program/ZWebServer/ZWebServer/Server.cpp:45
2023-03-01 22:48:23
Writen1________________
 -- /home/zt/program/ZWebServer/ZWebServer/Util.cpp:100
2023-03-01 22:48:23
enter Epoll::poll()
 -- /home/zt/program/ZWebServer/ZWebServer/Epoll.cpp:78
2023-03-01 22:48:23
Readn1________________
 -- /home/zt/program/ZWebServer/ZWebServer/Util.cpp:17
2023-03-01 22:48:23
enter Epoll::poll()
 -- /home/zt/program/ZWebServer/ZWebServer/Epoll.cpp:78
2023-03-01 22:58:18
_PTHREADS is not defined ! -- /home/zt/program/ZWebServer/ZWebServer/Main.cpp:42
2023-03-01 22:58:18
enter Epoll::poll()
 -- /home/zt/program/ZWebServer/ZWebServer/Epoll.cpp:78
2023-03-01 22:58:18
enter Epoll::poll()
 -- /home/zt/program/ZWebServer/ZWebServer/Epoll.cpp:78
2023-03-01 22:58:18
enter Epoll::poll()
 -- /home/zt/program/ZWebServer/ZWebServer/Epoll.cpp:78
2023-03-01 22:58:18
enter Epoll::poll()
 -- /home/zt/program/ZWebServer/ZWebServer/Epoll.cpp:78
2023-03-01 22:58:18
enter Epoll::poll()
 -- /home/zt/program/ZWebServer/ZWebServer/Epoll.cpp:78
2023-03-01 22:58:22
new connection from 127.0.0.1:45712 -- /home/zt/program/ZWebServer/ZWebServer/Server.cpp:45
2023-03-01 22:58:22
Writen1________________
 -- /home/zt/program/ZWebServer/ZWebServer/Util.cpp:100
2023-03-01 22:58:22
enter Epoll::poll()
 -- /home/zt/program/ZWebServer/ZWebServer/Epoll.cpp:78
2023-03-01 22:58:22
Readn1________________
 -- /home/zt/program/ZWebServer/ZWebServer/Util.cpp:17
2023-03-01 22:58:22
enter Epoll::poll()
 -- /home/zt/program/ZWebServer/ZWebServer/Epoll.cpp:78
2023-03-01 22:58:24
new connection from 127.0.0.1:45728 -- /home/zt/program/ZWebServer/ZWebServer/Server.cpp:45
2023-03-01 22:58:24
Writen1________________
 -- /home/zt/program/ZWebServer/ZWebServer/Util.cpp:100
2023-03-01 22:58:24
enter Epoll::poll()
 -- /home/zt/program/ZWebServer/ZWebServer/Epoll.cpp:78
2023-03-01 22:58:24
Readn1________________
 -- /home/zt/program/ZWebServer/ZWebServer/Util.cpp:17
2023-03-01 22:58:24
enter Epoll::poll()
 -- /home/zt/program/ZWebServer/ZWebServer/Epoll.cpp:78
2023-03-01 22:58:26
new connection from 127.0.0.1:45736 -- /home/zt/program/ZWebServer/ZWebServer/Server.cpp:45
2023-03-01 22:58:26
Writen1________________
 -- /home/zt/program/ZWebServer/ZWebServer/Util.cpp:100
2023-03-01 22:58:26
enter Epoll::poll()
 -- /home/zt/program/ZWebServer/ZWebServer/Epoll.cpp:78
2023-03-01 22:58:26
Readn1________________
 -- /home/zt/program/ZWebServer/ZWebServer/Util.cpp:17
2023-03-01 22:58:26
enter Epoll::poll()
 -- /home/zt/program/ZWebServer/ZWebServer/Epoll.cpp:78
2023-03-01 22:59:55
_PTHREADS is not defined ! -- /home/zt/program/ZWebServer/ZWebServer/Main.cpp:42
2023-03-01 22:59:55
enter Epoll::poll()
 -- /home/zt/program/ZWebServer/ZWebServer/Epoll.cpp:78
2023-03-01 22:59:55
enter Epoll::poll()
 -- /home/zt/program/ZWebServer/ZWebServer/Epoll.cpp:78
2023-03-01 22:59:55
enter Epoll::poll()
 -- /home/zt/program/ZWebServer/ZWebServer/Epoll.cpp:78
2023-03-01 22:59:55
enter Epoll::poll()
 -- /home/zt/program/ZWebServer/ZWebServer/Epoll.cpp:78
2023-03-01 22:59:55
enter Epoll::poll()
 -- /home/zt/program/ZWebServer/ZWebServer/Epoll.cpp:78
